Determining if the pthread_create exist failed with the following output:
Change Dir: /home/paul/git/flight/mole/build/CMakeFiles/CMakeTmp

Run Build Command:"/usr/bin/make" "cmTC_afe4e/fast"
/usr/bin/make -f CMakeFiles/cmTC_afe4e.dir/build.make CMakeFiles/cmTC_afe4e.dir/build
make[1]: Entering directory '/home/paul/git/flight/mole/build/CMakeFiles/CMakeTmp'
Building C object CMakeFiles/cmTC_afe4e.dir/CheckSymbolExists.c.o
/usr/bin/cc   -Wall -std=gnu99    -o CMakeFiles/cmTC_afe4e.dir/CheckSymbolExists.c.o   -c /home/paul/git/flight/mole/build/CMakeFiles/CMakeTmp/CheckSymbolExists.c
Linking C executable cmTC_afe4e
/usr/bin/cmake -E cmake_link_script CMakeFiles/cmTC_afe4e.dir/link.txt --verbose=1
/usr/bin/cc -Wall -std=gnu99     -rdynamic CMakeFiles/cmTC_afe4e.dir/CheckSymbolExists.c.o  -o cmTC_afe4e 
CMakeFiles/cmTC_afe4e.dir/CheckSymbolExists.c.o: In function `main':
CheckSymbolExists.c:(.text+0x1b): undefined reference to `pthread_create'
collect2: error: ld returned 1 exit status
CMakeFiles/cmTC_afe4e.dir/build.make:97: recipe for target 'cmTC_afe4e' failed
make[1]: *** [cmTC_afe4e] Error 1
make[1]: Leaving directory '/home/paul/git/flight/mole/build/CMakeFiles/CMakeTmp'
Makefile:126: recipe for target 'cmTC_afe4e/fast' failed
make: *** [cmTC_afe4e/fast] Error 2

File /home/paul/git/flight/mole/build/CMakeFiles/CMakeTmp/CheckSymbolExists.c:
/* */
#include <pthread.h>

int main(int argc, char** argv)
{
  (void)argv;
#ifndef pthread_create
  return ((int*)(&pthread_create))[argc];
#else
  (void)argc;
  return 0;
#endif
}

Determining if the function pthread_create exists in the pthreads failed with the following output:
Change Dir: /home/paul/git/flight/mole/build/CMakeFiles/CMakeTmp

Run Build Command:"/usr/bin/make" "cmTC_d780d/fast"
/usr/bin/make -f CMakeFiles/cmTC_d780d.dir/build.make CMakeFiles/cmTC_d780d.dir/build
make[1]: Entering directory '/home/paul/git/flight/mole/build/CMakeFiles/CMakeTmp'
Building C object CMakeFiles/cmTC_d780d.dir/CheckFunctionExists.c.o
/usr/bin/cc   -Wall -std=gnu99 -DCHECK_FUNCTION_EXISTS=pthread_create   -o CMakeFiles/cmTC_d780d.dir/CheckFunctionExists.c.o   -c /usr/share/cmake-3.10/Modules/CheckFunctionExists.c
Linking C executable cmTC_d780d
/usr/bin/cmake -E cmake_link_script CMakeFiles/cmTC_d780d.dir/link.txt --verbose=1
/usr/bin/cc -Wall -std=gnu99 -DCHECK_FUNCTION_EXISTS=pthread_create    -rdynamic CMakeFiles/cmTC_d780d.dir/CheckFunctionExists.c.o  -o cmTC_d780d -lpthreads 
/usr/bin/x86_64-linux-gnu-ld: cannot find -lpthreads
collect2: error: ld returned 1 exit status
CMakeFiles/cmTC_d780d.dir/build.make:97: recipe for target 'cmTC_d780d' failed
make[1]: *** [cmTC_d780d] Error 1
make[1]: Leaving directory '/home/paul/git/flight/mole/build/CMakeFiles/CMakeTmp'
Makefile:126: recipe for target 'cmTC_d780d/fast' failed
make: *** [cmTC_d780d/fast] Error 2


